{'resume': '', 'debug': True, 'gpu': '0', 'data_root': './datasets', 'train_file': './datasets/train.txt', 'val_file': './datasets/val.txt', 'model': 'resnet50', 'batch_size': 64, 'display': True}
[tensor([[[[ 0.0569,  0.2967,  0.2111,  ...,  0.5193,  0.5193,  0.5193],
          [-0.1143,  0.1939,  0.1426,  ...,  0.5364,  0.5364,  0.5364],
          [-0.0972,  0.1254,  0.1597,  ...,  0.5364,  0.5364,  0.5364],
          ...,
          [ 0.1426,  0.1939,  0.2282,  ...,  1.0844,  1.0673,  1.0673],
          [ 0.1426,  0.1939,  0.2282,  ...,  1.1700,  1.1529,  1.1358],
          [ 0.1426,  0.1939,  0.2282,  ...,  1.0844,  1.0844,  1.0673]],

         [[ 0.2227,  0.4678,  0.3803,  ...,  0.6604,  0.6604,  0.6604],
          [ 0.0476,  0.3627,  0.3102,  ...,  0.6779,  0.6779,  0.6779],
          [ 0.0651,  0.2927,  0.3277,  ...,  0.6779,  0.6779,  0.6779],
          ...,
          [ 0.2752,  0.3277,  0.3627,  ...,  1.2381,  1.2206,  1.2206],
          [ 0.2752,  0.3277,  0.3627,  ...,  1.3256,  1.3081,  1.2906],
          [ 0.2752,  0.3277,  0.3627,  ...,  1.2381,  1.2381,  1.2206]],

         [[ 0.3916,  0.6356,  0.5485,  ...,  0.8797,  0.8797,  0.8797],
          [ 0.2173,  0.5311,  0.4788,  ...,  0.8971,  0.8971,  0.8971],
          [ 0.2348,  0.4614,  0.4962,  ...,  0.8971,  0.8971,  0.8971],
          ...,
          [ 0.5311,  0.5834,  0.6182,  ...,  1.4548,  1.4374,  1.4374],
          [ 0.5311,  0.5834,  0.6182,  ...,  1.5420,  1.5245,  1.5071],
          [ 0.5311,  0.5834,  0.6182,  ...,  1.4548,  1.4548,  1.4374]]],


        [[[ 0.7419,  0.7419,  0.4679,  ...,  0.7419,  0.8276,  0.8789],
          [ 0.3652,  0.4166,  0.1597,  ...,  0.7248,  0.7933,  0.8276],
          [ 0.2624,  0.2624,  0.3652,  ...,  0.7419,  0.7762,  0.7933],
          ...,
          [ 1.5297,  1.5468,  1.5639,  ..., -0.5767, -0.6452, -0.6965],
          [ 1.5297,  1.5468,  1.5639,  ..., -0.6623, -0.7650, -0.7650],
          [ 1.5297,  1.5468,  1.5639,  ..., -0.8335, -0.9192, -0.9020]],

         [[ 0.8179,  0.8004,  0.5203,  ...,  0.6604,  0.7829,  0.8354],
          [ 0.4328,  0.4853,  0.2052,  ...,  0.6429,  0.7304,  0.7829],
          [ 0.3277,  0.3277,  0.4153,  ...,  0.6429,  0.6954,  0.7129],
          ...,
          [ 1.6583,  1.6758,  1.6933,  ..., -0.5126, -0.5826, -0.6352],
          [ 1.6583,  1.6758,  1.6933,  ..., -0.5826, -0.6877, -0.6877],
          [ 1.6583,  1.6758,  1.6933,  ..., -0.7402, -0.8277, -0.8102]],

         [[ 0.9842,  0.9668,  0.6879,  ...,  0.8622,  0.9668,  1.0191],
          [ 0.6008,  0.6531,  0.3742,  ...,  0.8448,  0.9145,  0.9668],
          [ 0.4962,  0.4962,  0.5834,  ...,  0.8448,  0.8971,  0.9145],
          ...,
          [ 1.6640,  1.6814,  1.7163,  ..., -0.2358, -0.3055, -0.3578],
          [ 1.6640,  1.6814,  1.7163,  ..., -0.2881, -0.3927, -0.4101],
          [ 1.6640,  1.6814,  1.7163,  ..., -0.4275, -0.5147, -0.4973]]],


        [[[-0.8507, -0.8335, -0.8164,  ...,  0.0056,  0.0227,  0.0398],
          [-0.8849, -0.8507, -0.8164,  ...,  0.0398,  0.0569,  0.0741],
          [-0.8507, -0.8335, -0.7822,  ...,  0.0569,  0.0741,  0.0912],
          ...,
          [-0.4568, -0.4739, -0.4911,  ...,  2.2318,  2.2489,  2.2489],
          [-0.2513, -0.2342, -0.2171,  ...,  2.2318,  2.2489,  2.2489],
          [-0.0458, -0.0287, -0.0458,  ...,  2.2147,  2.2489,  2.2489]],

         [[-0.6702, -0.6527, -0.6352,  ...,  0.1176,  0.1352,  0.1527],
          [-0.7052, -0.6702, -0.6352,  ...,  0.1527,  0.1702,  0.1877],
          [-0.6702, -0.6527, -0.6001,  ...,  0.1877,  0.2052,  0.2227],
          ...,
          [-0.3375, -0.3550, -0.3725,  ...,  2.4111,  2.4286,  2.4286],
          [-0.1275, -0.1099, -0.0924,  ...,  2.4111,  2.4286,  2.4286],
          [ 0.0826,  0.1001,  0.0826,  ...,  2.3936,  2.4286,  2.4286]],

         [[-0.3927, -0.3753, -0.3578,  ...,  0.4265,  0.4439,  0.4614],
          [-0.4275, -0.3927, -0.3578,  ...,  0.4614,  0.4788,  0.4788],
          [-0.4275, -0.4101, -0.3578,  ...,  0.4439,  0.4614,  0.4788],
          ...,
          [-0.0790, -0.0964, -0.1138,  ...,  2.6226,  2.6400,  2.6400],
          [ 0.1302,  0.1476,  0.1651,  ...,  2.6226,  2.6400,  2.6400],
          [ 0.3393,  0.3568,  0.3393,  ...,  2.6051,  2.6400,  2.6400]]],


        ...,


        [[[ 0.7248,  0.7933,  0.8276,  ..., -0.0458, -0.0458, -0.0458],
          [ 0.7419,  0.8104,  0.8447,  ..., -0.0287, -0.0287, -0.0287],
          [ 0.7419,  0.8104,  0.8447,  ..., -0.0287, -0.0287, -0.0287],
          ...,
          [ 1.3584,  1.3584,  1.3755,  ..., -0.1657, -0.1143, -0.0972],
          [ 1.3413,  1.3584,  1.3755,  ..., -0.2171, -0.1657, -0.1143],
          [ 1.3242,  1.3584,  1.3755,  ..., -0.2513, -0.1828, -0.1314]],

         [[ 0.8179,  0.8354,  0.8529,  ..., -0.0574, -0.0574, -0.0574],
          [ 0.8354,  0.8529,  0.8704,  ..., -0.0399, -0.0399, -0.0399],
          [ 0.8354,  0.8529,  0.8704,  ..., -0.0399, -0.0399, -0.0399],
          ...,
          [ 1.7283,  1.7633,  1.7808,  ..., -0.4426, -0.5476, -0.6702],
          [ 1.7108,  1.7633,  1.7808,  ..., -0.4776, -0.5826, -0.6527],
          [ 1.7283,  1.7633,  1.7808,  ..., -0.4951, -0.6001, -0.6702]],

         [[ 0.7054,  0.7228,  0.7402,  ..., -0.0267, -0.0267, -0.0267],
          [ 0.7228,  0.7402,  0.7576,  ..., -0.0092, -0.0092, -0.0092],
          [ 0.7228,  0.7402,  0.7576,  ..., -0.0092, -0.0092, -0.0092],
          ...,
          [ 2.1520,  2.1694,  2.1868,  ..., -0.4798, -0.4798, -0.5321],
          [ 2.1346,  2.1694,  2.2043,  ..., -0.5321, -0.5147, -0.5147],
          [ 2.1346,  2.1868,  2.2217,  ..., -0.5495, -0.5147, -0.4973]]],


        [[[ 0.8447,  0.2111, -0.7479,  ...,  2.2489,  2.2489,  2.2489],
          [ 0.9303,  0.2796, -0.7137,  ...,  2.2489,  2.2489,  2.2489],
          [ 1.0502,  0.3138, -0.7137,  ...,  2.2489,  2.2489,  2.2489],
          ...,
          [ 2.2489,  2.2489,  2.2489,  ...,  2.2489,  2.2489,  2.2489],
          [ 2.2489,  2.2489,  2.2489,  ...,  2.2489,  2.2489,  2.2489],
          [ 2.2489,  2.2489,  2.2489,  ...,  2.2489,  2.2489,  2.2489]],

         [[ 1.0805,  0.4853, -0.4951,  ...,  2.4286,  2.4286,  2.4286],
          [ 1.1681,  0.5553, -0.4601,  ...,  2.4286,  2.4286,  2.4286],
          [ 1.2906,  0.5903, -0.4601,  ...,  2.4286,  2.4286,  2.4286],
          ...,
          [ 2.4286,  2.4286,  2.4286,  ...,  2.4286,  2.4286,  2.4286],
          [ 2.4286,  2.4286,  2.4286,  ...,  2.4286,  2.4286,  2.4286],
          [ 2.4286,  2.4286,  2.4286,  ...,  2.4286,  2.4286,  2.4286]],

         [[ 1.3502,  0.7402, -0.2358,  ...,  2.6400,  2.6400,  2.6400],
          [ 1.4374,  0.8099, -0.2010,  ...,  2.6400,  2.6400,  2.6400],
          [ 1.5594,  0.8448, -0.2010,  ...,  2.6400,  2.6400,  2.6400],
          ...,
          [ 2.6400,  2.6400,  2.6400,  ...,  2.6400,  2.6400,  2.6400],
          [ 2.6400,  2.6400,  2.6400,  ...,  2.6400,  2.6400,  2.6400],
          [ 2.6400,  2.6400,  2.6400,  ...,  2.6400,  2.6400,  2.6400]]],


        [[[ 2.1119,  2.1462,  2.1804,  ...,  2.2318,  2.2489,  2.2489],
          [ 2.1119,  2.1119,  2.1462,  ...,  2.2318,  2.2489,  2.2489],
          [ 2.1290,  2.1462,  2.1633,  ...,  2.2147,  2.2318,  2.2318],
          ...,
          [ 2.0434,  2.0777,  2.0777,  ..., -0.4568, -0.6623, -0.5938],
          [ 2.0434,  2.0605,  2.0948,  ..., -0.4397, -0.6623, -0.6281],
          [ 2.0263,  2.0434,  2.0605,  ..., -0.4397, -0.5938, -0.5253]],

         [[ 1.9734,  2.0084,  2.0434,  ...,  2.1134,  2.1310,  2.1310],
          [ 1.9734,  1.9734,  2.0084,  ...,  2.1134,  2.1310,  2.1310],
          [ 1.9909,  2.0084,  2.0259,  ...,  2.0959,  2.1134,  2.1134],
          ...,
          [ 1.8859,  1.9034,  1.9209,  ..., -0.7927, -0.6877, -0.7052],
          [ 1.8683,  1.8859,  1.9209,  ..., -0.7402, -0.6527, -0.6877],
          [ 1.8508,  1.8683,  1.8859,  ..., -0.7577, -0.6702, -0.6877]],

         [[ 1.7685,  1.8034,  1.8383,  ...,  1.8731,  1.8905,  1.8905],
          [ 1.7685,  1.7685,  1.8034,  ...,  1.8731,  1.8905,  1.8905],
          [ 1.7860,  1.8034,  1.8208,  ...,  1.8557,  1.8731,  1.8731],
          ...,
          [ 1.6640,  1.6814,  1.6988,  ..., -0.7238, -0.5844, -0.5844],
          [ 1.6465,  1.6640,  1.6988,  ..., -0.6715, -0.5321, -0.5495],
          [ 1.6291,  1.6465,  1.6640,  ..., -0.6541, -0.5495, -0.5321]]]]), tensor([1, 1, 1, 0, 1, 1, 1, 0, 1, 0, 1, 1, 1, 0, 1, 1, 0, 1, 0, 0, 1, 1, 1, 0,
        1, 0, 0, 0, 1, 1, 1, 0, 0, 1, 1, 1, 0, 1, 1, 0, 1, 1, 1, 1, 1, 0, 0, 0,
        1, 0, 1, 0, 1, 1, 0, 0, 0, 0, 0, 0, 1, 1, 0, 0])]
Epoch 0/2
------------------------------------------------------------
---------------------Current Parameters---------------------
is use GPU: True
lr: 0.100000
model_type: resnet50
current epoch: 0
best accuracy: 0.000000
best loss: 179769313486231570814527423731704356798070567525844996598917476803157260780028538760589558632766878171540458953514382464234321326889464182768467546703537516986049910576551282076245490090389328944075868508455133942304583236903222948165808559332123348274797826204144723168738177180919299881250404026184124858368.000000
------------------------------------------------------------
[2022-09-02 22:13:04]	Training Batch[0/5]	 Class Loss: 7.0739	
[2022-09-02 22:13:05]	Training Batch[5/5]	 Class Loss: 16.3858	@Top-1 Score: 49.2105	@Top-5 Score: 83.1579	
[2022-09-02 22:13:06]	Validation: 	 Class Loss: 48725282816.0000	@Top-1 Score: 0.0000	@Top-5 Score: 100.0000	
Saving Model...
Epoch 1/2
------------------------------------------------------------
---------------------Current Parameters---------------------
is use GPU: True
lr: 0.100000
model_type: resnet50
current epoch: 1
best accuracy: 0.000000
best loss: 48725282816.000000
------------------------------------------------------------
[2022-09-02 22:13:07]	Training Batch[0/5]	 Class Loss: 9.7626	
[2022-09-02 22:13:07]	Training Batch[5/5]	 Class Loss: 4.9027	@Top-1 Score: 53.9474	@Top-5 Score: 100.0000	
[2022-09-02 22:13:08]	Validation: 	 Class Loss: 0.0000	@Top-1 Score: 100.0000	@Top-5 Score: 100.0000	
Saving Model...
Epoch 2/2
------------------------------------------------------------
---------------------Current Parameters---------------------
is use GPU: True
lr: 0.100000
model_type: resnet50
current epoch: 2
best accuracy: 100.000000
best loss: 0.000000
------------------------------------------------------------
[2022-09-02 22:13:09]	Training Batch[0/5]	 Class Loss: 11.1298	
[2022-09-02 22:13:09]	Training Batch[5/5]	 Class Loss: 8.9988	@Top-1 Score: 42.8947	@Top-5 Score: 100.0000	
[2022-09-02 22:13:10]	Validation: 	 Class Loss: 0.0050	@Top-1 Score: 100.0000	@Top-5 Score: 100.0000	
Saving Model...
Optimize Done!
